Analysis & Synthesis report for timer_controller
Sun Oct 24 13:40:43 2021
Quartus Prime Version 20.1.0 Build 711 06/05/2020 SJ Lite Edition


---------------------
; Table of Contents ;
---------------------
  1. Legal Notice
  2. Analysis & Synthesis Summary
  3. Analysis & Synthesis Settings
  4. Parallel Compilation
  5. Analysis & Synthesis Source Files Read
  6. Analysis & Synthesis Resource Usage Summary
  7. Analysis & Synthesis Resource Utilization by Entity
  8. State Machine - |timer_controller|fsm:f1|y_present
  9. Registers Removed During Synthesis
 10. General Register Statistics
 11. Analysis & Synthesis Messages



----------------
; Legal Notice ;
----------------
Copyright (C) 2020  Intel Corporation. All rights reserved.
Your use of Intel Corporation's design tools, logic functions 
and other software and tools, and any partner logic 
functions, and any output files from any of the foregoing 
(including device programming or simulation files), and any 
associated documentation or information are expressly subject 
to the terms and conditions of the Intel Program License 
Subscription Agreement, the Intel Quartus Prime License Agreement,
the Intel FPGA IP License Agreement, or other applicable license
agreement, including, without limitation, that your use is for
the sole purpose of programming logic devices manufactured by
Intel and sold by Intel or its authorized distributors.  Please
refer to the applicable agreement for further details, at
https://fpgasoftware.intel.com/eula.



+---------------------------------------------------------------------------+
; Analysis & Synthesis Summary                                              ;
+-----------------------------+---------------------------------------------+
; Analysis & Synthesis Status ; Successful - Sun Oct 24 13:40:43 2021       ;
; Quartus Prime Version       ; 20.1.0 Build 711 06/05/2020 SJ Lite Edition ;
; Revision Name               ; timer_controller                            ;
; Top-level Entity Name       ; timer_controller                            ;
; Family                      ; MAX V                                       ;
; Total logic elements        ; 5                                           ;
; Total pins                  ; 10                                          ;
; Total virtual pins          ; 0                                           ;
; UFM blocks                  ; 0 / 1 ( 0 % )                               ;
+-----------------------------+---------------------------------------------+


+------------------------------------------------------------------------------------------------------------+
; Analysis & Synthesis Settings                                                                              ;
+------------------------------------------------------------------+--------------------+--------------------+
; Option                                                           ; Setting            ; Default Value      ;
+------------------------------------------------------------------+--------------------+--------------------+
; Device                                                           ; 5M1270ZT144C5      ;                    ;
; Top-level entity name                                            ; timer_controller   ; timer_controller   ;
; Family name                                                      ; MAX V              ; Cyclone V          ;
; Use smart compilation                                            ; Off                ; Off                ;
; Enable parallel Assembler and Timing Analyzer during compilation ; On                 ; On                 ;
; Enable compact report table                                      ; Off                ; Off                ;
; Restructure Multiplexers                                         ; Auto               ; Auto               ;
; Create Debugging Nodes for IP Cores                              ; Off                ; Off                ;
; Preserve fewer node names                                        ; On                 ; On                 ;
; Intel FPGA IP Evaluation Mode                                    ; Enable             ; Enable             ;
; Verilog Version                                                  ; Verilog_2001       ; Verilog_2001       ;
; VHDL Version                                                     ; VHDL_1993          ; VHDL_1993          ;
; State Machine Processing                                         ; Auto               ; Auto               ;
; Safe State Machine                                               ; Off                ; Off                ;
; Extract Verilog State Machines                                   ; On                 ; On                 ;
; Extract VHDL State Machines                                      ; On                 ; On                 ;
; Ignore Verilog initial constructs                                ; Off                ; Off                ;
; Iteration limit for constant Verilog loops                       ; 5000               ; 5000               ;
; Iteration limit for non-constant Verilog loops                   ; 250                ; 250                ;
; Add Pass-Through Logic to Inferred RAMs                          ; On                 ; On                 ;
; Infer RAMs from Raw Logic                                        ; On                 ; On                 ;
; Parallel Synthesis                                               ; On                 ; On                 ;
; NOT Gate Push-Back                                               ; On                 ; On                 ;
; Power-Up Don't Care                                              ; On                 ; On                 ;
; Remove Redundant Logic Cells                                     ; Off                ; Off                ;
; Remove Duplicate Registers                                       ; On                 ; On                 ;
; Ignore CARRY Buffers                                             ; Off                ; Off                ;
; Ignore CASCADE Buffers                                           ; Off                ; Off                ;
; Ignore GLOBAL Buffers                                            ; Off                ; Off                ;
; Ignore ROW GLOBAL Buffers                                        ; Off                ; Off                ;
; Ignore LCELL Buffers                                             ; Off                ; Off                ;
; Ignore SOFT Buffers                                              ; On                 ; On                 ;
; Limit AHDL Integers to 32 Bits                                   ; Off                ; Off                ;
; Optimization Technique                                           ; Balanced           ; Balanced           ;
; Carry Chain Length                                               ; 70                 ; 70                 ;
; Auto Carry Chains                                                ; On                 ; On                 ;
; Auto Open-Drain Pins                                             ; On                 ; On                 ;
; Perform WYSIWYG Primitive Resynthesis                            ; Off                ; Off                ;
; Auto Shift Register Replacement                                  ; Auto               ; Auto               ;
; Allow Shift Register Merging across Hierarchies                  ; Auto               ; Auto               ;
; Auto Clock Enable Replacement                                    ; On                 ; On                 ;
; Allow Synchronous Control Signals                                ; On                 ; On                 ;
; Force Use of Synchronous Clear Signals                           ; Off                ; Off                ;
; Auto Resource Sharing                                            ; Off                ; Off                ;
; Use LogicLock Constraints during Resource Balancing              ; On                 ; On                 ;
; Ignore translate_off and synthesis_off directives                ; Off                ; Off                ;
; Report Parameter Settings                                        ; On                 ; On                 ;
; Report Source Assignments                                        ; On                 ; On                 ;
; Report Connectivity Checks                                       ; On                 ; On                 ;
; Ignore Maximum Fan-Out Assignments                               ; Off                ; Off                ;
; Synchronization Register Chain Length                            ; 2                  ; 2                  ;
; Power Optimization During Synthesis                              ; Normal compilation ; Normal compilation ;
; HDL message level                                                ; Level2             ; Level2             ;
; Suppress Register Optimization Related Messages                  ; Off                ; Off                ;
; Number of Removed Registers Reported in Synthesis Report         ; 5000               ; 5000               ;
; Number of Swept Nodes Reported in Synthesis Report               ; 5000               ; 5000               ;
; Number of Inverted Registers Reported in Synthesis Report        ; 100                ; 100                ;
; Clock MUX Protection                                             ; On                 ; On                 ;
; Block Design Naming                                              ; Auto               ; Auto               ;
; Synthesis Effort                                                 ; Auto               ; Auto               ;
; Shift Register Replacement - Allow Asynchronous Clear Signal     ; On                 ; On                 ;
; Analysis & Synthesis Message Level                               ; Medium             ; Medium             ;
; Disable Register Merging Across Hierarchies                      ; Auto               ; Auto               ;
+------------------------------------------------------------------+--------------------+--------------------+


+------------------------------------------+
; Parallel Compilation                     ;
+----------------------------+-------------+
; Processors                 ; Number      ;
+----------------------------+-------------+
; Number detected on machine ; 12          ;
; Maximum allowed            ; 6           ;
;                            ;             ;
; Average used               ; 1.00        ;
; Maximum used               ; 1           ;
;                            ;             ;
; Usage by Processor         ; % Time Used ;
;     Processor 1            ; 100.0%      ;
+----------------------------+-------------+


+---------------------------------------------------------------------------------------------------------------------------------------------------------+
; Analysis & Synthesis Source Files Read                                                                                                                  ;
+----------------------------------+-----------------+-----------------+------------------------------------------------------------------------+---------+
; File Name with User-Entered Path ; Used in Netlist ; File Type       ; File Name with Absolute Path                                           ; Library ;
+----------------------------------+-----------------+-----------------+------------------------------------------------------------------------+---------+
; timer_controller.vhdl            ; yes             ; User VHDL File  ; E:/Academics/IIT Bombay/Repositories/VHDL/Endsem/timer_controller.vhdl ;         ;
; fsm.vhdl                         ; yes             ; User VHDL File  ; E:/Academics/IIT Bombay/Repositories/VHDL/Endsem/fsm.vhdl              ;         ;
; timer_ckt.vhdl                   ; yes             ; User VHDL File  ; E:/Academics/IIT Bombay/Repositories/VHDL/Endsem/timer_ckt.vhdl        ;         ;
+----------------------------------+-----------------+-----------------+------------------------------------------------------------------------+---------+


+--------------------------------------------------------------------+
; Analysis & Synthesis Resource Usage Summary                        ;
+---------------------------------------------+----------------------+
; Resource                                    ; Usage                ;
+---------------------------------------------+----------------------+
; Total logic elements                        ; 5                    ;
;     -- Combinational with no register       ; 0                    ;
;     -- Register only                        ; 0                    ;
;     -- Combinational with a register        ; 5                    ;
;                                             ;                      ;
; Logic element usage by number of LUT inputs ;                      ;
;     -- 4 input functions                    ; 3                    ;
;     -- 3 input functions                    ; 1                    ;
;     -- 2 input functions                    ; 0                    ;
;     -- 1 input functions                    ; 1                    ;
;     -- 0 input functions                    ; 0                    ;
;                                             ;                      ;
; Logic elements by mode                      ;                      ;
;     -- normal mode                          ; 5                    ;
;     -- arithmetic mode                      ; 0                    ;
;     -- qfbk mode                            ; 0                    ;
;     -- register cascade mode                ; 0                    ;
;     -- synchronous clear/load mode          ; 0                    ;
;     -- asynchronous clear/load mode         ; 3                    ;
;                                             ;                      ;
; Total registers                             ; 5                    ;
; I/O pins                                    ; 10                   ;
; Maximum fan-out node                        ; fsm:f1|y_present.rst ;
; Maximum fan-out                             ; 3                    ;
; Total fan-out                               ; 26                   ;
; Average fan-out                             ; 1.73                 ;
+---------------------------------------------+----------------------+


+----------------------------------------------------------------------------------------------------------------------------------------------------------------------------------------------------------------------------------------------------+
; Analysis & Synthesis Resource Utilization by Entity                                                                                                                                                                                                ;
+----------------------------+-------------+--------------+------------+------+--------------+--------------+-------------------+------------------+-----------------+------------+--------------------------------+------------------+--------------+
; Compilation Hierarchy Node ; Logic Cells ; LC Registers ; UFM Blocks ; Pins ; Virtual Pins ; LUT-Only LCs ; Register-Only LCs ; LUT/Register LCs ; Carry Chain LCs ; Packed LCs ; Full Hierarchy Name            ; Entity Name      ; Library Name ;
+----------------------------+-------------+--------------+------------+------+--------------+--------------+-------------------+------------------+-----------------+------------+--------------------------------+------------------+--------------+
; |timer_controller          ; 5 (0)       ; 5            ; 0          ; 10   ; 0            ; 0 (0)        ; 0 (0)             ; 5 (0)            ; 0 (0)           ; 0 (0)      ; |timer_controller              ; timer_controller ; work         ;
;    |fsm:f1|                ; 3 (3)       ; 3            ; 0          ; 0    ; 0            ; 0 (0)        ; 0 (0)             ; 3 (3)            ; 0 (0)           ; 0 (0)      ; |timer_controller|fsm:f1       ; fsm              ; work         ;
;    |timer_ckt:t1|          ; 2 (2)       ; 2            ; 0          ; 0    ; 0            ; 0 (0)        ; 0 (0)             ; 2 (2)            ; 0 (0)           ; 0 (0)      ; |timer_controller|timer_ckt:t1 ; timer_ckt        ; work         ;
+----------------------------+-------------+--------------+------------+------+--------------+--------------+-------------------+------------------+-----------------+------------+--------------------------------+------------------+--------------+
Note: For table entries with two numbers listed, the numbers in parentheses indicate the number of resources of the given type used by the specific entity alone. The numbers listed outside of parentheses indicate the total resources of the given type used by the specific entity and all of its sub-entities in the hierarchy.


Encoding Type:  One-Hot
+-------------------------------------------------------------------------------------------+
; State Machine - |timer_controller|fsm:f1|y_present                                        ;
+------------------+------------------+------------------+------------------+---------------+
; Name             ; y_present.timer3 ; y_present.timer2 ; y_present.timer1 ; y_present.rst ;
+------------------+------------------+------------------+------------------+---------------+
; y_present.rst    ; 0                ; 0                ; 0                ; 0             ;
; y_present.timer1 ; 0                ; 0                ; 1                ; 1             ;
; y_present.timer2 ; 0                ; 1                ; 0                ; 1             ;
; y_present.timer3 ; 1                ; 0                ; 0                ; 1             ;
+------------------+------------------+------------------+------------------+---------------+


+--------------------------------------------------------------------------------+
; Registers Removed During Synthesis                                             ;
+---------------------------------------+----------------------------------------+
; Register name                         ; Reason for Removal                     ;
+---------------------------------------+----------------------------------------+
; timer_ckt:t1|LED[0]                   ; Merged with timer_ckt:t1|LED[2]        ;
; timer_ckt:t1|LED[2]                   ; Stuck at GND due to stuck port data_in ;
; fsm:f1|y_present.timer3               ; Lost fanout                            ;
; Total Number of Removed Registers = 3 ;                                        ;
+---------------------------------------+----------------------------------------+


+------------------------------------------------------+
; General Register Statistics                          ;
+----------------------------------------------+-------+
; Statistic                                    ; Value ;
+----------------------------------------------+-------+
; Total registers                              ; 5     ;
; Number of registers using Synchronous Clear  ; 0     ;
; Number of registers using Synchronous Load   ; 0     ;
; Number of registers using Asynchronous Clear ; 3     ;
; Number of registers using Asynchronous Load  ; 0     ;
; Number of registers using Clock Enable       ; 0     ;
; Number of registers using Preset             ; 0     ;
+----------------------------------------------+-------+


+-------------------------------+
; Analysis & Synthesis Messages ;
+-------------------------------+
Info: *******************************************************************
Info: Running Quartus Prime Analysis & Synthesis
    Info: Version 20.1.0 Build 711 06/05/2020 SJ Lite Edition
    Info: Processing started: Sun Oct 24 13:40:35 2021
Info: Command: quartus_map --read_settings_files=on --write_settings_files=off Endsem -c timer_controller
Warning (18236): Number of processors has not been specified which may cause overloading on shared machines.  Set the global assignment NUM_PARALLEL_PROCESSORS in your QSF to an appropriate value for best performance.
Info (20030): Parallel compilation is enabled and will use 6 of the 6 processors detected
Info (12021): Found 2 design units, including 1 entities, in source file timer_controller.vhdl
    Info (12022): Found design unit 1: timer_controller-bhv File: E:/Academics/IIT Bombay/Repositories/VHDL/Endsem/timer_controller.vhdl Line: 10
    Info (12023): Found entity 1: timer_controller File: E:/Academics/IIT Bombay/Repositories/VHDL/Endsem/timer_controller.vhdl Line: 4
Info (12021): Found 2 design units, including 1 entities, in source file fsm.vhdl
    Info (12022): Found design unit 1: fsm-rch File: E:/Academics/IIT Bombay/Repositories/VHDL/Endsem/fsm.vhdl Line: 11
    Info (12023): Found entity 1: fsm File: E:/Academics/IIT Bombay/Repositories/VHDL/Endsem/fsm.vhdl Line: 5
Warning (10639): VHDL warning at timer_ckt.vhdl(35): constant value overflow File: E:/Academics/IIT Bombay/Repositories/VHDL/Endsem/timer_ckt.vhdl Line: 35
Warning (10639): VHDL warning at timer_ckt.vhdl(48): constant value overflow File: E:/Academics/IIT Bombay/Repositories/VHDL/Endsem/timer_ckt.vhdl Line: 48
Warning (10639): VHDL warning at timer_ckt.vhdl(61): constant value overflow File: E:/Academics/IIT Bombay/Repositories/VHDL/Endsem/timer_ckt.vhdl Line: 61
Info (12021): Found 2 design units, including 1 entities, in source file timer_ckt.vhdl
    Info (12022): Found design unit 1: timer_ckt-arch File: E:/Academics/IIT Bombay/Repositories/VHDL/Endsem/timer_ckt.vhdl Line: 12
    Info (12023): Found entity 1: timer_ckt File: E:/Academics/IIT Bombay/Repositories/VHDL/Endsem/timer_ckt.vhdl Line: 5
Info (12127): Elaborating entity "timer_controller" for the top level hierarchy
Info (12128): Elaborating entity "fsm" for hierarchy "fsm:f1" File: E:/Academics/IIT Bombay/Repositories/VHDL/Endsem/timer_controller.vhdl Line: 28
Warning (10492): VHDL Process Statement warning at fsm.vhdl(32): signal "y_present" is read inside the Process Statement but isn't in the Process Statement's sensitivity list File: E:/Academics/IIT Bombay/Repositories/VHDL/Endsem/fsm.vhdl Line: 32
Info (12128): Elaborating entity "timer_ckt" for hierarchy "timer_ckt:t1" File: E:/Academics/IIT Bombay/Repositories/VHDL/Endsem/timer_controller.vhdl Line: 35
Warning (13024): Output pins are stuck at VCC or GND
    Warning (13410): Pin "out_LED[0]" is stuck at GND File: E:/Academics/IIT Bombay/Repositories/VHDL/Endsem/timer_controller.vhdl Line: 7
    Warning (13410): Pin "out_LED[2]" is stuck at GND File: E:/Academics/IIT Bombay/Repositories/VHDL/Endsem/timer_controller.vhdl Line: 7
Info (17049): 1 registers lost all their fanouts during netlist optimizations.
Info (21057): Implemented 15 device resources after synthesis - the final resource count might be different
    Info (21058): Implemented 6 input pins
    Info (21059): Implemented 4 output pins
    Info (21061): Implemented 5 logic cells
Info: Quartus Prime Analysis & Synthesis was successful. 0 errors, 8 warnings
    Info: Peak virtual memory: 4752 megabytes
    Info: Processing ended: Sun Oct 24 13:40:43 2021
    Info: Elapsed time: 00:00:08
    Info: Total CPU time (on all processors): 00:00:18


