Analysis & Synthesis report for DUT
Sun Sep 19 08:49:19 2021
Quartus Prime Version 20.1.0 Build 711 06/05/2020 SJ Lite Edition


---------------------
; Table of Contents ;
---------------------
  1. Legal Notice
  2. Analysis & Synthesis Summary
  3. Analysis & Synthesis Settings
  4. Parallel Compilation
  5. Analysis & Synthesis Source Files Read
  6. Analysis & Synthesis Resource Usage Summary
  7. Analysis & Synthesis Resource Utilization by Entity
  8. General Register Statistics
  9. Multiplexer Restructuring Statistics (Restructuring Performed)
 10. Port Connectivity Checks: "Shifter:add_instance|TwoxOne:\n1_bit:7:msb:b2"
 11. Port Connectivity Checks: "Shifter:add_instance|TwoxOne:\n2_bit:7:msb:b2"
 12. Port Connectivity Checks: "Shifter:add_instance|TwoxOne:\n2_bit:6:msb:b2"
 13. Port Connectivity Checks: "Shifter:add_instance|TwoxOne:\n4_bit:7:msb:b2"
 14. Port Connectivity Checks: "Shifter:add_instance|TwoxOne:\n4_bit:6:msb:b2"
 15. Port Connectivity Checks: "Shifter:add_instance|TwoxOne:\n4_bit:5:msb:b2"
 16. Port Connectivity Checks: "Shifter:add_instance|TwoxOne:\n4_bit:4:msb:b2"
 17. Analysis & Synthesis Messages



----------------
; Legal Notice ;
----------------
Copyright (C) 2020  Intel Corporation. All rights reserved.
Your use of Intel Corporation's design tools, logic functions 
and other software and tools, and any partner logic 
functions, and any output files from any of the foregoing 
(including device programming or simulation files), and any 
associated documentation or information are expressly subject 
to the terms and conditions of the Intel Program License 
Subscription Agreement, the Intel Quartus Prime License Agreement,
the Intel FPGA IP License Agreement, or other applicable license
agreement, including, without limitation, that your use is for
the sole purpose of programming logic devices manufactured by
Intel and sold by Intel or its authorized distributors.  Please
refer to the applicable agreement for further details, at
https://fpgasoftware.intel.com/eula.



+---------------------------------------------------------------------------+
; Analysis & Synthesis Summary                                              ;
+-----------------------------+---------------------------------------------+
; Analysis & Synthesis Status ; Successful - Sun Sep 19 08:49:19 2021       ;
; Quartus Prime Version       ; 20.1.0 Build 711 06/05/2020 SJ Lite Edition ;
; Revision Name               ; DUT                                         ;
; Top-level Entity Name       ; DUT                                         ;
; Family                      ; MAX V                                       ;
; Total logic elements        ; 39                                          ;
; Total pins                  ; 20                                          ;
; Total virtual pins          ; 0                                           ;
; UFM blocks                  ; 0 / 1 ( 0 % )                               ;
+-----------------------------+---------------------------------------------+


+------------------------------------------------------------------------------------------------------------+
; Analysis & Synthesis Settings                                                                              ;
+------------------------------------------------------------------+--------------------+--------------------+
; Option                                                           ; Setting            ; Default Value      ;
+------------------------------------------------------------------+--------------------+--------------------+
; Device                                                           ; 5M1270ZT144C5      ;                    ;
; Top-level entity name                                            ; DUT                ; DUT                ;
; Family name                                                      ; MAX V              ; Cyclone V          ;
; Use smart compilation                                            ; Off                ; Off                ;
; Enable parallel Assembler and Timing Analyzer during compilation ; On                 ; On                 ;
; Enable compact report table                                      ; Off                ; Off                ;
; Restructure Multiplexers                                         ; Auto               ; Auto               ;
; Create Debugging Nodes for IP Cores                              ; Off                ; Off                ;
; Preserve fewer node names                                        ; On                 ; On                 ;
; Intel FPGA IP Evaluation Mode                                    ; Enable             ; Enable             ;
; Verilog Version                                                  ; Verilog_2001       ; Verilog_2001       ;
; VHDL Version                                                     ; VHDL_1993          ; VHDL_1993          ;
; State Machine Processing                                         ; Auto               ; Auto               ;
; Safe State Machine                                               ; Off                ; Off                ;
; Extract Verilog State Machines                                   ; On                 ; On                 ;
; Extract VHDL State Machines                                      ; On                 ; On                 ;
; Ignore Verilog initial constructs                                ; Off                ; Off                ;
; Iteration limit for constant Verilog loops                       ; 5000               ; 5000               ;
; Iteration limit for non-constant Verilog loops                   ; 250                ; 250                ;
; Add Pass-Through Logic to Inferred RAMs                          ; On                 ; On                 ;
; Infer RAMs from Raw Logic                                        ; On                 ; On                 ;
; Parallel Synthesis                                               ; On                 ; On                 ;
; NOT Gate Push-Back                                               ; On                 ; On                 ;
; Power-Up Don't Care                                              ; On                 ; On                 ;
; Remove Redundant Logic Cells                                     ; Off                ; Off                ;
; Remove Duplicate Registers                                       ; On                 ; On                 ;
; Ignore CARRY Buffers                                             ; Off                ; Off                ;
; Ignore CASCADE Buffers                                           ; Off                ; Off                ;
; Ignore GLOBAL Buffers                                            ; Off                ; Off                ;
; Ignore ROW GLOBAL Buffers                                        ; Off                ; Off                ;
; Ignore LCELL Buffers                                             ; Off                ; Off                ;
; Ignore SOFT Buffers                                              ; On                 ; On                 ;
; Limit AHDL Integers to 32 Bits                                   ; Off                ; Off                ;
; Optimization Technique                                           ; Balanced           ; Balanced           ;
; Carry Chain Length                                               ; 70                 ; 70                 ;
; Auto Carry Chains                                                ; On                 ; On                 ;
; Auto Open-Drain Pins                                             ; On                 ; On                 ;
; Perform WYSIWYG Primitive Resynthesis                            ; Off                ; Off                ;
; Auto Shift Register Replacement                                  ; Auto               ; Auto               ;
; Allow Shift Register Merging across Hierarchies                  ; Auto               ; Auto               ;
; Auto Clock Enable Replacement                                    ; On                 ; On                 ;
; Allow Synchronous Control Signals                                ; On                 ; On                 ;
; Force Use of Synchronous Clear Signals                           ; Off                ; Off                ;
; Auto Resource Sharing                                            ; Off                ; Off                ;
; Use LogicLock Constraints during Resource Balancing              ; On                 ; On                 ;
; Ignore translate_off and synthesis_off directives                ; Off                ; Off                ;
; Report Parameter Settings                                        ; On                 ; On                 ;
; Report Source Assignments                                        ; On                 ; On                 ;
; Report Connectivity Checks                                       ; On                 ; On                 ;
; Ignore Maximum Fan-Out Assignments                               ; Off                ; Off                ;
; Synchronization Register Chain Length                            ; 2                  ; 2                  ;
; Power Optimization During Synthesis                              ; Normal compilation ; Normal compilation ;
; HDL message level                                                ; Level2             ; Level2             ;
; Suppress Register Optimization Related Messages                  ; Off                ; Off                ;
; Number of Removed Registers Reported in Synthesis Report         ; 5000               ; 5000               ;
; Number of Swept Nodes Reported in Synthesis Report               ; 5000               ; 5000               ;
; Number of Inverted Registers Reported in Synthesis Report        ; 100                ; 100                ;
; Clock MUX Protection                                             ; On                 ; On                 ;
; Block Design Naming                                              ; Auto               ; Auto               ;
; Synthesis Effort                                                 ; Auto               ; Auto               ;
; Shift Register Replacement - Allow Asynchronous Clear Signal     ; On                 ; On                 ;
; Analysis & Synthesis Message Level                               ; Medium             ; Medium             ;
; Disable Register Merging Across Hierarchies                      ; Auto               ; Auto               ;
+------------------------------------------------------------------+--------------------+--------------------+


+------------------------------------------+
; Parallel Compilation                     ;
+----------------------------+-------------+
; Processors                 ; Number      ;
+----------------------------+-------------+
; Number detected on machine ; 12          ;
; Maximum allowed            ; 6           ;
;                            ;             ;
; Average used               ; 1.00        ;
; Maximum used               ; 1           ;
;                            ;             ;
; Usage by Processor         ; % Time Used ;
;     Processor 1            ; 100.0%      ;
+----------------------------+-------------+


+-----------------------------------------------------------------------------------------------------------------------------------------------------+
; Analysis & Synthesis Source Files Read                                                                                                              ;
+----------------------------------+-----------------+-----------------+--------------------------------------------------------------------+---------+
; File Name with User-Entered Path ; Used in Netlist ; File Type       ; File Name with Absolute Path                                       ; Library ;
+----------------------------------+-----------------+-----------------+--------------------------------------------------------------------+---------+
; TwoxOne_Mux.vhdl                 ; yes             ; User VHDL File  ; E:/Academics/IIT Bombay/Repositories/VHDL/Shifter/TwoxOne_Mux.vhdl ;         ;
; Gates.vhdl                       ; yes             ; User VHDL File  ; E:/Academics/IIT Bombay/Repositories/VHDL/Shifter/Gates.vhdl       ;         ;
; DUT.vhdl                         ; yes             ; User VHDL File  ; E:/Academics/IIT Bombay/Repositories/VHDL/Shifter/DUT.vhdl         ;         ;
; Shifter.vhdl                     ; yes             ; User VHDL File  ; E:/Academics/IIT Bombay/Repositories/VHDL/Shifter/Shifter.vhdl     ;         ;
+----------------------------------+-----------------+-----------------+--------------------------------------------------------------------+---------+


+----------------------------------------------------------------+
; Analysis & Synthesis Resource Usage Summary                    ;
+---------------------------------------------+------------------+
; Resource                                    ; Usage            ;
+---------------------------------------------+------------------+
; Total logic elements                        ; 39               ;
;     -- Combinational with no register       ; 39               ;
;     -- Register only                        ; 0                ;
;     -- Combinational with a register        ; 0                ;
;                                             ;                  ;
; Logic element usage by number of LUT inputs ;                  ;
;     -- 4 input functions                    ; 17               ;
;     -- 3 input functions                    ; 21               ;
;     -- 2 input functions                    ; 1                ;
;     -- 1 input functions                    ; 0                ;
;     -- 0 input functions                    ; 0                ;
;                                             ;                  ;
; Logic elements by mode                      ;                  ;
;     -- normal mode                          ; 39               ;
;     -- arithmetic mode                      ; 0                ;
;     -- qfbk mode                            ; 0                ;
;     -- register cascade mode                ; 0                ;
;     -- synchronous clear/load mode          ; 0                ;
;     -- asynchronous clear/load mode         ; 0                ;
;                                             ;                  ;
; Total registers                             ; 0                ;
; I/O pins                                    ; 20               ;
; Maximum fan-out node                        ; input_vector[11] ;
; Maximum fan-out                             ; 17               ;
; Total fan-out                               ; 141              ;
; Average fan-out                             ; 2.39             ;
+---------------------------------------------+------------------+


+---------------------------------------------------------------------------------------------------------------------------------------------------------------------------------------------------------------------------------------------------------------------------------------+
; Analysis & Synthesis Resource Utilization by Entity                                                                                                                                                                                                                                   ;
+----------------------------------+-------------+--------------+------------+------+--------------+--------------+-------------------+------------------+-----------------+------------+------------------------------------------------------------------+-------------+--------------+
; Compilation Hierarchy Node       ; Logic Cells ; LC Registers ; UFM Blocks ; Pins ; Virtual Pins ; LUT-Only LCs ; Register-Only LCs ; LUT/Register LCs ; Carry Chain LCs ; Packed LCs ; Full Hierarchy Name                                              ; Entity Name ; Library Name ;
+----------------------------------+-------------+--------------+------------+------+--------------+--------------+-------------------+------------------+-----------------+------------+------------------------------------------------------------------+-------------+--------------+
; |DUT                             ; 39 (0)      ; 0            ; 0          ; 20   ; 0            ; 39 (0)       ; 0 (0)             ; 0 (0)            ; 0 (0)           ; 0 (0)      ; |DUT                                                             ; DUT         ; work         ;
;    |Shifter:add_instance|        ; 39 (0)      ; 0            ; 0          ; 0    ; 0            ; 39 (0)       ; 0 (0)             ; 0 (0)            ; 0 (0)           ; 0 (0)      ; |DUT|Shifter:add_instance                                        ; Shifter     ; work         ;
;       |Reverser:rev1|            ; 4 (0)       ; 0            ; 0          ; 0    ; 0            ; 4 (0)        ; 0 (0)             ; 0 (0)            ; 0 (0)           ; 0 (0)      ; |DUT|Shifter:add_instance|Reverser:rev1                          ; Reverser    ; work         ;
;          |TwoxOne:\b1:4:b2|      ; 1 (0)       ; 0            ; 0          ; 0    ; 0            ; 1 (0)        ; 0 (0)             ; 0 (0)            ; 0 (0)           ; 0 (0)      ; |DUT|Shifter:add_instance|Reverser:rev1|TwoxOne:\b1:4:b2         ; TwoxOne     ; work         ;
;             |OR_2:o1|            ; 1 (1)       ; 0            ; 0          ; 0    ; 0            ; 1 (1)        ; 0 (0)             ; 0 (0)            ; 0 (0)           ; 0 (0)      ; |DUT|Shifter:add_instance|Reverser:rev1|TwoxOne:\b1:4:b2|OR_2:o1 ; OR_2        ; work         ;
;          |TwoxOne:\b1:5:b2|      ; 1 (0)       ; 0            ; 0          ; 0    ; 0            ; 1 (0)        ; 0 (0)             ; 0 (0)            ; 0 (0)           ; 0 (0)      ; |DUT|Shifter:add_instance|Reverser:rev1|TwoxOne:\b1:5:b2         ; TwoxOne     ; work         ;
;             |OR_2:o1|            ; 1 (1)       ; 0            ; 0          ; 0    ; 0            ; 1 (1)        ; 0 (0)             ; 0 (0)            ; 0 (0)           ; 0 (0)      ; |DUT|Shifter:add_instance|Reverser:rev1|TwoxOne:\b1:5:b2|OR_2:o1 ; OR_2        ; work         ;
;          |TwoxOne:\b1:6:b2|      ; 1 (0)       ; 0            ; 0          ; 0    ; 0            ; 1 (0)        ; 0 (0)             ; 0 (0)            ; 0 (0)           ; 0 (0)      ; |DUT|Shifter:add_instance|Reverser:rev1|TwoxOne:\b1:6:b2         ; TwoxOne     ; work         ;
;             |OR_2:o1|            ; 1 (1)       ; 0            ; 0          ; 0    ; 0            ; 1 (1)        ; 0 (0)             ; 0 (0)            ; 0 (0)           ; 0 (0)      ; |DUT|Shifter:add_instance|Reverser:rev1|TwoxOne:\b1:6:b2|OR_2:o1 ; OR_2        ; work         ;
;          |TwoxOne:\b1:7:b2|      ; 1 (0)       ; 0            ; 0          ; 0    ; 0            ; 1 (0)        ; 0 (0)             ; 0 (0)            ; 0 (0)           ; 0 (0)      ; |DUT|Shifter:add_instance|Reverser:rev1|TwoxOne:\b1:7:b2         ; TwoxOne     ; work         ;
;             |OR_2:o1|            ; 1 (1)       ; 0            ; 0          ; 0    ; 0            ; 1 (1)        ; 0 (0)             ; 0 (0)            ; 0 (0)           ; 0 (0)      ; |DUT|Shifter:add_instance|Reverser:rev1|TwoxOne:\b1:7:b2|OR_2:o1 ; OR_2        ; work         ;
;       |Reverser:rev2|            ; 9 (0)       ; 0            ; 0          ; 0    ; 0            ; 9 (0)        ; 0 (0)             ; 0 (0)            ; 0 (0)           ; 0 (0)      ; |DUT|Shifter:add_instance|Reverser:rev2                          ; Reverser    ; work         ;
;          |TwoxOne:\b1:0:b2|      ; 2 (0)       ; 0            ; 0          ; 0    ; 0            ; 2 (0)        ; 0 (0)             ; 0 (0)            ; 0 (0)           ; 0 (0)      ; |DUT|Shifter:add_instance|Reverser:rev2|TwoxOne:\b1:0:b2         ; TwoxOne     ; work         ;
;             |OR_2:o1|            ; 2 (2)       ; 0            ; 0          ; 0    ; 0            ; 2 (2)        ; 0 (0)             ; 0 (0)            ; 0 (0)           ; 0 (0)      ; |DUT|Shifter:add_instance|Reverser:rev2|TwoxOne:\b1:0:b2|OR_2:o1 ; OR_2        ; work         ;
;          |TwoxOne:\b1:1:b2|      ; 1 (0)       ; 0            ; 0          ; 0    ; 0            ; 1 (0)        ; 0 (0)             ; 0 (0)            ; 0 (0)           ; 0 (0)      ; |DUT|Shifter:add_instance|Reverser:rev2|TwoxOne:\b1:1:b2         ; TwoxOne     ; work         ;
;             |OR_2:o1|            ; 1 (1)       ; 0            ; 0          ; 0    ; 0            ; 1 (1)        ; 0 (0)             ; 0 (0)            ; 0 (0)           ; 0 (0)      ; |DUT|Shifter:add_instance|Reverser:rev2|TwoxOne:\b1:1:b2|OR_2:o1 ; OR_2        ; work         ;
;          |TwoxOne:\b1:2:b2|      ; 1 (0)       ; 0            ; 0          ; 0    ; 0            ; 1 (0)        ; 0 (0)             ; 0 (0)            ; 0 (0)           ; 0 (0)      ; |DUT|Shifter:add_instance|Reverser:rev2|TwoxOne:\b1:2:b2         ; TwoxOne     ; work         ;
;             |OR_2:o1|            ; 1 (1)       ; 0            ; 0          ; 0    ; 0            ; 1 (1)        ; 0 (0)             ; 0 (0)            ; 0 (0)           ; 0 (0)      ; |DUT|Shifter:add_instance|Reverser:rev2|TwoxOne:\b1:2:b2|OR_2:o1 ; OR_2        ; work         ;
;          |TwoxOne:\b1:3:b2|      ; 1 (0)       ; 0            ; 0          ; 0    ; 0            ; 1 (0)        ; 0 (0)             ; 0 (0)            ; 0 (0)           ; 0 (0)      ; |DUT|Shifter:add_instance|Reverser:rev2|TwoxOne:\b1:3:b2         ; TwoxOne     ; work         ;
;             |OR_2:o1|            ; 1 (1)       ; 0            ; 0          ; 0    ; 0            ; 1 (1)        ; 0 (0)             ; 0 (0)            ; 0 (0)           ; 0 (0)      ; |DUT|Shifter:add_instance|Reverser:rev2|TwoxOne:\b1:3:b2|OR_2:o1 ; OR_2        ; work         ;
;          |TwoxOne:\b1:4:b2|      ; 1 (0)       ; 0            ; 0          ; 0    ; 0            ; 1 (0)        ; 0 (0)             ; 0 (0)            ; 0 (0)           ; 0 (0)      ; |DUT|Shifter:add_instance|Reverser:rev2|TwoxOne:\b1:4:b2         ; TwoxOne     ; work         ;
;             |OR_2:o1|            ; 1 (1)       ; 0            ; 0          ; 0    ; 0            ; 1 (1)        ; 0 (0)             ; 0 (0)            ; 0 (0)           ; 0 (0)      ; |DUT|Shifter:add_instance|Reverser:rev2|TwoxOne:\b1:4:b2|OR_2:o1 ; OR_2        ; work         ;
;          |TwoxOne:\b1:5:b2|      ; 1 (0)       ; 0            ; 0          ; 0    ; 0            ; 1 (0)        ; 0 (0)             ; 0 (0)            ; 0 (0)           ; 0 (0)      ; |DUT|Shifter:add_instance|Reverser:rev2|TwoxOne:\b1:5:b2         ; TwoxOne     ; work         ;
;             |OR_2:o1|            ; 1 (1)       ; 0            ; 0          ; 0    ; 0            ; 1 (1)        ; 0 (0)             ; 0 (0)            ; 0 (0)           ; 0 (0)      ; |DUT|Shifter:add_instance|Reverser:rev2|TwoxOne:\b1:5:b2|OR_2:o1 ; OR_2        ; work         ;
;          |TwoxOne:\b1:6:b2|      ; 1 (0)       ; 0            ; 0          ; 0    ; 0            ; 1 (0)        ; 0 (0)             ; 0 (0)            ; 0 (0)           ; 0 (0)      ; |DUT|Shifter:add_instance|Reverser:rev2|TwoxOne:\b1:6:b2         ; TwoxOne     ; work         ;
;             |OR_2:o1|            ; 1 (1)       ; 0            ; 0          ; 0    ; 0            ; 1 (1)        ; 0 (0)             ; 0 (0)            ; 0 (0)           ; 0 (0)      ; |DUT|Shifter:add_instance|Reverser:rev2|TwoxOne:\b1:6:b2|OR_2:o1 ; OR_2        ; work         ;
;          |TwoxOne:\b1:7:b2|      ; 1 (0)       ; 0            ; 0          ; 0    ; 0            ; 1 (0)        ; 0 (0)             ; 0 (0)            ; 0 (0)           ; 0 (0)      ; |DUT|Shifter:add_instance|Reverser:rev2|TwoxOne:\b1:7:b2         ; TwoxOne     ; work         ;
;             |OR_2:o1|            ; 1 (1)       ; 0            ; 0          ; 0    ; 0            ; 1 (1)        ; 0 (0)             ; 0 (0)            ; 0 (0)           ; 0 (0)      ; |DUT|Shifter:add_instance|Reverser:rev2|TwoxOne:\b1:7:b2|OR_2:o1 ; OR_2        ; work         ;
;       |TwoxOne:\n1_bit:0:lsb:b2| ; 4 (0)       ; 0            ; 0          ; 0    ; 0            ; 4 (0)        ; 0 (0)             ; 0 (0)            ; 0 (0)           ; 0 (0)      ; |DUT|Shifter:add_instance|TwoxOne:\n1_bit:0:lsb:b2               ; TwoxOne     ; work         ;
;          |OR_2:o1|               ; 4 (4)       ; 0            ; 0          ; 0    ; 0            ; 4 (4)        ; 0 (0)             ; 0 (0)            ; 0 (0)           ; 0 (0)      ; |DUT|Shifter:add_instance|TwoxOne:\n1_bit:0:lsb:b2|OR_2:o1       ; OR_2        ; work         ;
;       |TwoxOne:\n1_bit:1:lsb:b2| ; 2 (0)       ; 0            ; 0          ; 0    ; 0            ; 2 (0)        ; 0 (0)             ; 0 (0)            ; 0 (0)           ; 0 (0)      ; |DUT|Shifter:add_instance|TwoxOne:\n1_bit:1:lsb:b2               ; TwoxOne     ; work         ;
;          |OR_2:o1|               ; 2 (2)       ; 0            ; 0          ; 0    ; 0            ; 2 (2)        ; 0 (0)             ; 0 (0)            ; 0 (0)           ; 0 (0)      ; |DUT|Shifter:add_instance|TwoxOne:\n1_bit:1:lsb:b2|OR_2:o1       ; OR_2        ; work         ;
;       |TwoxOne:\n1_bit:2:lsb:b2| ; 3 (0)       ; 0            ; 0          ; 0    ; 0            ; 3 (0)        ; 0 (0)             ; 0 (0)            ; 0 (0)           ; 0 (0)      ; |DUT|Shifter:add_instance|TwoxOne:\n1_bit:2:lsb:b2               ; TwoxOne     ; work         ;
;          |OR_2:o1|               ; 3 (3)       ; 0            ; 0          ; 0    ; 0            ; 3 (3)        ; 0 (0)             ; 0 (0)            ; 0 (0)           ; 0 (0)      ; |DUT|Shifter:add_instance|TwoxOne:\n1_bit:2:lsb:b2|OR_2:o1       ; OR_2        ; work         ;
;       |TwoxOne:\n1_bit:3:lsb:b2| ; 4 (0)       ; 0            ; 0          ; 0    ; 0            ; 4 (0)        ; 0 (0)             ; 0 (0)            ; 0 (0)           ; 0 (0)      ; |DUT|Shifter:add_instance|TwoxOne:\n1_bit:3:lsb:b2               ; TwoxOne     ; work         ;
;          |OR_2:o1|               ; 4 (4)       ; 0            ; 0          ; 0    ; 0            ; 4 (4)        ; 0 (0)             ; 0 (0)            ; 0 (0)           ; 0 (0)      ; |DUT|Shifter:add_instance|TwoxOne:\n1_bit:3:lsb:b2|OR_2:o1       ; OR_2        ; work         ;
;       |TwoxOne:\n1_bit:4:lsb:b2| ; 3 (0)       ; 0            ; 0          ; 0    ; 0            ; 3 (0)        ; 0 (0)             ; 0 (0)            ; 0 (0)           ; 0 (0)      ; |DUT|Shifter:add_instance|TwoxOne:\n1_bit:4:lsb:b2               ; TwoxOne     ; work         ;
;          |OR_2:o1|               ; 3 (3)       ; 0            ; 0          ; 0    ; 0            ; 3 (3)        ; 0 (0)             ; 0 (0)            ; 0 (0)           ; 0 (0)      ; |DUT|Shifter:add_instance|TwoxOne:\n1_bit:4:lsb:b2|OR_2:o1       ; OR_2        ; work         ;
;       |TwoxOne:\n1_bit:5:lsb:b2| ; 2 (0)       ; 0            ; 0          ; 0    ; 0            ; 2 (0)        ; 0 (0)             ; 0 (0)            ; 0 (0)           ; 0 (0)      ; |DUT|Shifter:add_instance|TwoxOne:\n1_bit:5:lsb:b2               ; TwoxOne     ; work         ;
;          |OR_2:o1|               ; 2 (2)       ; 0            ; 0          ; 0    ; 0            ; 2 (2)        ; 0 (0)             ; 0 (0)            ; 0 (0)           ; 0 (0)      ; |DUT|Shifter:add_instance|TwoxOne:\n1_bit:5:lsb:b2|OR_2:o1       ; OR_2        ; work         ;
;       |TwoxOne:\n1_bit:6:lsb:b2| ; 1 (0)       ; 0            ; 0          ; 0    ; 0            ; 1 (0)        ; 0 (0)             ; 0 (0)            ; 0 (0)           ; 0 (0)      ; |DUT|Shifter:add_instance|TwoxOne:\n1_bit:6:lsb:b2               ; TwoxOne     ; work         ;
;          |OR_2:o1|               ; 1 (1)       ; 0            ; 0          ; 0    ; 0            ; 1 (1)        ; 0 (0)             ; 0 (0)            ; 0 (0)           ; 0 (0)      ; |DUT|Shifter:add_instance|TwoxOne:\n1_bit:6:lsb:b2|OR_2:o1       ; OR_2        ; work         ;
;       |TwoxOne:\n2_bit:1:lsb:b2| ; 3 (0)       ; 0            ; 0          ; 0    ; 0            ; 3 (0)        ; 0 (0)             ; 0 (0)            ; 0 (0)           ; 0 (0)      ; |DUT|Shifter:add_instance|TwoxOne:\n2_bit:1:lsb:b2               ; TwoxOne     ; work         ;
;          |OR_2:o1|               ; 3 (3)       ; 0            ; 0          ; 0    ; 0            ; 3 (3)        ; 0 (0)             ; 0 (0)            ; 0 (0)           ; 0 (0)      ; |DUT|Shifter:add_instance|TwoxOne:\n2_bit:1:lsb:b2|OR_2:o1       ; OR_2        ; work         ;
;       |TwoxOne:\n4_bit:2:lsb:b2| ; 2 (0)       ; 0            ; 0          ; 0    ; 0            ; 2 (0)        ; 0 (0)             ; 0 (0)            ; 0 (0)           ; 0 (0)      ; |DUT|Shifter:add_instance|TwoxOne:\n4_bit:2:lsb:b2               ; TwoxOne     ; work         ;
;          |OR_2:o1|               ; 2 (2)       ; 0            ; 0          ; 0    ; 0            ; 2 (2)        ; 0 (0)             ; 0 (0)            ; 0 (0)           ; 0 (0)      ; |DUT|Shifter:add_instance|TwoxOne:\n4_bit:2:lsb:b2|OR_2:o1       ; OR_2        ; work         ;
;       |TwoxOne:\n4_bit:3:lsb:b2| ; 2 (0)       ; 0            ; 0          ; 0    ; 0            ; 2 (0)        ; 0 (0)             ; 0 (0)            ; 0 (0)           ; 0 (0)      ; |DUT|Shifter:add_instance|TwoxOne:\n4_bit:3:lsb:b2               ; TwoxOne     ; work         ;
;          |OR_2:o1|               ; 2 (2)       ; 0            ; 0          ; 0    ; 0            ; 2 (2)        ; 0 (0)             ; 0 (0)            ; 0 (0)           ; 0 (0)      ; |DUT|Shifter:add_instance|TwoxOne:\n4_bit:3:lsb:b2|OR_2:o1       ; OR_2        ; work         ;
+----------------------------------+-------------+--------------+------------+------+--------------+--------------+-------------------+------------------+-----------------+------------+------------------------------------------------------------------+-------------+--------------+
Note: For table entries with two numbers listed, the numbers in parentheses indicate the number of resources of the given type used by the specific entity alone. The numbers listed outside of parentheses indicate the total resources of the given type used by the specific entity and all of its sub-entities in the hierarchy.


+------------------------------------------------------+
; General Register Statistics                          ;
+----------------------------------------------+-------+
; Statistic                                    ; Value ;
+----------------------------------------------+-------+
; Total registers                              ; 0     ;
; Number of registers using Synchronous Clear  ; 0     ;
; Number of registers using Synchronous Load   ; 0     ;
; Number of registers using Asynchronous Clear ; 0     ;
; Number of registers using Asynchronous Load  ; 0     ;
; Number of registers using Clock Enable       ; 0     ;
; Number of registers using Preset             ; 0     ;
+----------------------------------------------+-------+


+----------------------------------------------------------------------------------------------------------------------------------------------------------------------------+
; Multiplexer Restructuring Statistics (Restructuring Performed)                                                                                                             ;
+--------------------+-----------+---------------+----------------------+------------------------+------------+--------------------------------------------------------------+
; Multiplexer Inputs ; Bus Width ; Baseline Area ; Area if Restructured ; Saving if Restructured ; Registered ; Example Multiplexer Output                                   ;
+--------------------+-----------+---------------+----------------------+------------------------+------------+--------------------------------------------------------------+
; 3:1                ; 2 bits    ; 4 LEs         ; 4 LEs                ; 0 LEs                  ; No         ; |DUT|Shifter:add_instance|TwoxOne:\n4_bit:2:lsb:b2|OR_2:o1|Y ;
+--------------------+-----------+---------------+----------------------+------------------------+------------+--------------------------------------------------------------+


+---------------------------------------------------------------------------+
; Port Connectivity Checks: "Shifter:add_instance|TwoxOne:\n1_bit:7:msb:b2" ;
+------+-------+----------+-------------------------------------------------+
; Port ; Type  ; Severity ; Details                                         ;
+------+-------+----------+-------------------------------------------------+
; i1   ; Input ; Info     ; Stuck at GND                                    ;
+------+-------+----------+-------------------------------------------------+


+---------------------------------------------------------------------------+
; Port Connectivity Checks: "Shifter:add_instance|TwoxOne:\n2_bit:7:msb:b2" ;
+------+-------+----------+-------------------------------------------------+
; Port ; Type  ; Severity ; Details                                         ;
+------+-------+----------+-------------------------------------------------+
; i1   ; Input ; Info     ; Stuck at GND                                    ;
+------+-------+----------+-------------------------------------------------+


+---------------------------------------------------------------------------+
; Port Connectivity Checks: "Shifter:add_instance|TwoxOne:\n2_bit:6:msb:b2" ;
+------+-------+----------+-------------------------------------------------+
; Port ; Type  ; Severity ; Details                                         ;
+------+-------+----------+-------------------------------------------------+
; i1   ; Input ; Info     ; Stuck at GND                                    ;
+------+-------+----------+-------------------------------------------------+


+---------------------------------------------------------------------------+
; Port Connectivity Checks: "Shifter:add_instance|TwoxOne:\n4_bit:7:msb:b2" ;
+------+-------+----------+-------------------------------------------------+
; Port ; Type  ; Severity ; Details                                         ;
+------+-------+----------+-------------------------------------------------+
; i1   ; Input ; Info     ; Stuck at GND                                    ;
+------+-------+----------+-------------------------------------------------+


+---------------------------------------------------------------------------+
; Port Connectivity Checks: "Shifter:add_instance|TwoxOne:\n4_bit:6:msb:b2" ;
+------+-------+----------+-------------------------------------------------+
; Port ; Type  ; Severity ; Details                                         ;
+------+-------+----------+-------------------------------------------------+
; i1   ; Input ; Info     ; Stuck at GND                                    ;
+------+-------+----------+-------------------------------------------------+


+---------------------------------------------------------------------------+
; Port Connectivity Checks: "Shifter:add_instance|TwoxOne:\n4_bit:5:msb:b2" ;
+------+-------+----------+-------------------------------------------------+
; Port ; Type  ; Severity ; Details                                         ;
+------+-------+----------+-------------------------------------------------+
; i1   ; Input ; Info     ; Stuck at GND                                    ;
+------+-------+----------+-------------------------------------------------+


+---------------------------------------------------------------------------+
; Port Connectivity Checks: "Shifter:add_instance|TwoxOne:\n4_bit:4:msb:b2" ;
+------+-------+----------+-------------------------------------------------+
; Port ; Type  ; Severity ; Details                                         ;
+------+-------+----------+-------------------------------------------------+
; i1   ; Input ; Info     ; Stuck at GND                                    ;
+------+-------+----------+-------------------------------------------------+


+-------------------------------+
; Analysis & Synthesis Messages ;
+-------------------------------+
Info: *******************************************************************
Info: Running Quartus Prime Analysis & Synthesis
    Info: Version 20.1.0 Build 711 06/05/2020 SJ Lite Edition
    Info: Processing started: Sun Sep 19 08:49:12 2021
Info: Command: quartus_map --read_settings_files=on --write_settings_files=off Shifter -c DUT
Warning (18236): Number of processors has not been specified which may cause overloading on shared machines.  Set the global assignment NUM_PARALLEL_PROCESSORS in your QSF to an appropriate value for best performance.
Info (20030): Parallel compilation is enabled and will use 6 of the 6 processors detected
Info (12021): Found 2 design units, including 1 entities, in source file twoxone_mux.vhdl
    Info (12022): Found design unit 1: TwoxOne-Struct File: E:/Academics/IIT Bombay/Repositories/VHDL/Shifter/TwoxOne_Mux.vhdl Line: 12
    Info (12023): Found entity 1: TwoxOne File: E:/Academics/IIT Bombay/Repositories/VHDL/Shifter/TwoxOne_Mux.vhdl Line: 8
Info (12021): Found 2 design units, including 1 entities, in source file testbench.vhdl
    Info (12022): Found design unit 1: Testbench-Behave File: E:/Academics/IIT Bombay/Repositories/VHDL/Shifter/Testbench.vhdl Line: 9
    Info (12023): Found entity 1: Testbench File: E:/Academics/IIT Bombay/Repositories/VHDL/Shifter/Testbench.vhdl Line: 7
Info (12021): Found 17 design units, including 8 entities, in source file gates.vhdl
    Info (12022): Found design unit 1: Gates File: E:/Academics/IIT Bombay/Repositories/VHDL/Shifter/Gates.vhdl Line: 3
    Info (12022): Found design unit 2: INVERTER-Equations File: E:/Academics/IIT Bombay/Repositories/VHDL/Shifter/Gates.vhdl Line: 45
    Info (12022): Found design unit 3: AND_2-Equations File: E:/Academics/IIT Bombay/Repositories/VHDL/Shifter/Gates.vhdl Line: 57
    Info (12022): Found design unit 4: NAND_2-Equations File: E:/Academics/IIT Bombay/Repositories/VHDL/Shifter/Gates.vhdl Line: 68
    Info (12022): Found design unit 5: OR_2-Equations File: E:/Academics/IIT Bombay/Repositories/VHDL/Shifter/Gates.vhdl Line: 79
    Info (12022): Found design unit 6: NOR_2-Equations File: E:/Academics/IIT Bombay/Repositories/VHDL/Shifter/Gates.vhdl Line: 90
    Info (12022): Found design unit 7: XOR_2-Equations File: E:/Academics/IIT Bombay/Repositories/VHDL/Shifter/Gates.vhdl Line: 102
    Info (12022): Found design unit 8: XNOR_2-Equations File: E:/Academics/IIT Bombay/Repositories/VHDL/Shifter/Gates.vhdl Line: 113
    Info (12022): Found design unit 9: HALF_ADDER-Equations File: E:/Academics/IIT Bombay/Repositories/VHDL/Shifter/Gates.vhdl Line: 124
    Info (12023): Found entity 1: INVERTER File: E:/Academics/IIT Bombay/Repositories/VHDL/Shifter/Gates.vhdl Line: 41
    Info (12023): Found entity 2: AND_2 File: E:/Academics/IIT Bombay/Repositories/VHDL/Shifter/Gates.vhdl Line: 53
    Info (12023): Found entity 3: NAND_2 File: E:/Academics/IIT Bombay/Repositories/VHDL/Shifter/Gates.vhdl Line: 64
    Info (12023): Found entity 4: OR_2 File: E:/Academics/IIT Bombay/Repositories/VHDL/Shifter/Gates.vhdl Line: 75
    Info (12023): Found entity 5: NOR_2 File: E:/Academics/IIT Bombay/Repositories/VHDL/Shifter/Gates.vhdl Line: 86
    Info (12023): Found entity 6: XOR_2 File: E:/Academics/IIT Bombay/Repositories/VHDL/Shifter/Gates.vhdl Line: 98
    Info (12023): Found entity 7: XNOR_2 File: E:/Academics/IIT Bombay/Repositories/VHDL/Shifter/Gates.vhdl Line: 109
    Info (12023): Found entity 8: HALF_ADDER File: E:/Academics/IIT Bombay/Repositories/VHDL/Shifter/Gates.vhdl Line: 120
Info (12021): Found 2 design units, including 1 entities, in source file dut.vhdl
    Info (12022): Found design unit 1: DUT-DutWrap File: E:/Academics/IIT Bombay/Repositories/VHDL/Shifter/DUT.vhdl Line: 8
    Info (12023): Found entity 1: DUT File: E:/Academics/IIT Bombay/Repositories/VHDL/Shifter/DUT.vhdl Line: 3
Info (12021): Found 4 design units, including 2 entities, in source file shifter.vhdl
    Info (12022): Found design unit 1: Reverser-Struct File: E:/Academics/IIT Bombay/Repositories/VHDL/Shifter/Shifter.vhdl Line: 12
    Info (12022): Found design unit 2: Shifter-Destruct File: E:/Academics/IIT Bombay/Repositories/VHDL/Shifter/Shifter.vhdl Line: 32
    Info (12023): Found entity 1: Reverser File: E:/Academics/IIT Bombay/Repositories/VHDL/Shifter/Shifter.vhdl Line: 8
    Info (12023): Found entity 2: Shifter File: E:/Academics/IIT Bombay/Repositories/VHDL/Shifter/Shifter.vhdl Line: 28
Info (12127): Elaborating entity "DUT" for the top level hierarchy
Info (12128): Elaborating entity "Shifter" for hierarchy "Shifter:add_instance" File: E:/Academics/IIT Bombay/Repositories/VHDL/Shifter/DUT.vhdl Line: 14
Info (12128): Elaborating entity "Reverser" for hierarchy "Shifter:add_instance|Reverser:rev1" File: E:/Academics/IIT Bombay/Repositories/VHDL/Shifter/Shifter.vhdl Line: 43
Info (12128): Elaborating entity "TwoxOne" for hierarchy "Shifter:add_instance|Reverser:rev1|TwoxOne:\b1:0:b2" File: E:/Academics/IIT Bombay/Repositories/VHDL/Shifter/Shifter.vhdl Line: 18
Info (12128): Elaborating entity "INVERTER" for hierarchy "Shifter:add_instance|Reverser:rev1|TwoxOne:\b1:0:b2|INVERTER:inv1" File: E:/Academics/IIT Bombay/Repositories/VHDL/Shifter/TwoxOne_Mux.vhdl Line: 16
Info (12128): Elaborating entity "AND_2" for hierarchy "Shifter:add_instance|Reverser:rev1|TwoxOne:\b1:0:b2|AND_2:a1" File: E:/Academics/IIT Bombay/Repositories/VHDL/Shifter/TwoxOne_Mux.vhdl Line: 17
Info (12128): Elaborating entity "OR_2" for hierarchy "Shifter:add_instance|Reverser:rev1|TwoxOne:\b1:0:b2|OR_2:o1" File: E:/Academics/IIT Bombay/Repositories/VHDL/Shifter/TwoxOne_Mux.vhdl Line: 19
Info (21057): Implemented 59 device resources after synthesis - the final resource count might be different
    Info (21058): Implemented 12 input pins
    Info (21059): Implemented 8 output pins
    Info (21061): Implemented 39 logic cells
Info: Quartus Prime Analysis & Synthesis was successful. 0 errors, 1 warning
    Info: Peak virtual memory: 4762 megabytes
    Info: Processing ended: Sun Sep 19 08:49:19 2021
    Info: Elapsed time: 00:00:07
    Info: Total CPU time (on all processors): 00:00:16


