Analysis & Elaboration report for DUT
Sun Sep 19 12:45:40 2021
Quartus Prime Version 20.1.0 Build 711 06/05/2020 SJ Lite Edition


---------------------
; Table of Contents ;
---------------------
  1. Legal Notice
  2. Analysis & Elaboration Summary
  3. Parallel Compilation
  4. Parameter Settings for User Entity Instance: atm:add_instance|NoteCounter:nc1|div:div1
  5. Parameter Settings for User Entity Instance: atm:add_instance|NoteCounter:nc1|div:div2
  6. Analysis & Elaboration Settings
  7. Port Connectivity Checks: "atm:add_instance|NoteCounter:nc1|div:div2"
  8. Port Connectivity Checks: "atm:add_instance|NoteCounter:nc1|div:div1"
  9. Port Connectivity Checks: "atm:add_instance"
 10. Analysis & Elaboration Messages



----------------
; Legal Notice ;
----------------
Copyright (C) 2020  Intel Corporation. All rights reserved.
Your use of Intel Corporation's design tools, logic functions 
and other software and tools, and any partner logic 
functions, and any output files from any of the foregoing 
(including device programming or simulation files), and any 
associated documentation or information are expressly subject 
to the terms and conditions of the Intel Program License 
Subscription Agreement, the Intel Quartus Prime License Agreement,
the Intel FPGA IP License Agreement, or other applicable license
agreement, including, without limitation, that your use is for
the sole purpose of programming logic devices manufactured by
Intel and sold by Intel or its authorized distributors.  Please
refer to the applicable agreement for further details, at
https://fpgasoftware.intel.com/eula.



+-----------------------------------------------------------------------------+
; Analysis & Elaboration Summary                                              ;
+-------------------------------+---------------------------------------------+
; Analysis & Elaboration Status ; Successful - Sun Sep 19 12:45:40 2021       ;
; Quartus Prime Version         ; 20.1.0 Build 711 06/05/2020 SJ Lite Edition ;
; Revision Name                 ; DUT                                         ;
; Top-level Entity Name         ; DUT                                         ;
; Family                        ; MAX V                                       ;
+-------------------------------+---------------------------------------------+


+------------------------------------------+
; Parallel Compilation                     ;
+----------------------------+-------------+
; Processors                 ; Number      ;
+----------------------------+-------------+
; Number detected on machine ; 12          ;
; Maximum allowed            ; 6           ;
;                            ;             ;
; Average used               ; 1.00        ;
; Maximum used               ; 1           ;
;                            ;             ;
; Usage by Processor         ; % Time Used ;
;     Processor 1            ; 100.0%      ;
+----------------------------+-------------+


+----------------------------------------------------------------------------------------+
; Parameter Settings for User Entity Instance: atm:add_instance|NoteCounter:nc1|div:div1 ;
+----------------+-------+---------------------------------------------------------------+
; Parameter Name ; Value ; Type                                                          ;
+----------------+-------+---------------------------------------------------------------+
; n              ; 8     ; Signed Integer                                                ;
; nn             ; 16    ; Signed Integer                                                ;
+----------------+-------+---------------------------------------------------------------+
Note: In order to hide this table in the UI and the text report file, please set the "Show Parameter Settings in Synthesis Report" option in "Analysis and Synthesis Settings -> More Settings" to "Off".


+----------------------------------------------------------------------------------------+
; Parameter Settings for User Entity Instance: atm:add_instance|NoteCounter:nc1|div:div2 ;
+----------------+-------+---------------------------------------------------------------+
; Parameter Name ; Value ; Type                                                          ;
+----------------+-------+---------------------------------------------------------------+
; n              ; 8     ; Signed Integer                                                ;
; nn             ; 16    ; Signed Integer                                                ;
+----------------+-------+---------------------------------------------------------------+
Note: In order to hide this table in the UI and the text report file, please set the "Show Parameter Settings in Synthesis Report" option in "Analysis and Synthesis Settings -> More Settings" to "Off".


+------------------------------------------------------------------------------------------------------------+
; Analysis & Elaboration Settings                                                                            ;
+------------------------------------------------------------------+--------------------+--------------------+
; Option                                                           ; Setting            ; Default Value      ;
+------------------------------------------------------------------+--------------------+--------------------+
; Device                                                           ; 5M1270ZT144C5      ;                    ;
; Top-level entity name                                            ; DUT                ; DUT                ;
; Family name                                                      ; MAX V              ; Cyclone V          ;
; Use smart compilation                                            ; Off                ; Off                ;
; Enable parallel Assembler and Timing Analyzer during compilation ; On                 ; On                 ;
; Enable compact report table                                      ; Off                ; Off                ;
; Restructure Multiplexers                                         ; Auto               ; Auto               ;
; Create Debugging Nodes for IP Cores                              ; Off                ; Off                ;
; Preserve fewer node names                                        ; On                 ; On                 ;
; Intel FPGA IP Evaluation Mode                                    ; Enable             ; Enable             ;
; Verilog Version                                                  ; Verilog_2001       ; Verilog_2001       ;
; VHDL Version                                                     ; VHDL_1993          ; VHDL_1993          ;
; State Machine Processing                                         ; Auto               ; Auto               ;
; Safe State Machine                                               ; Off                ; Off                ;
; Extract Verilog State Machines                                   ; On                 ; On                 ;
; Extract VHDL State Machines                                      ; On                 ; On                 ;
; Ignore Verilog initial constructs                                ; Off                ; Off                ;
; Iteration limit for constant Verilog loops                       ; 5000               ; 5000               ;
; Iteration limit for non-constant Verilog loops                   ; 250                ; 250                ;
; Add Pass-Through Logic to Inferred RAMs                          ; On                 ; On                 ;
; Infer RAMs from Raw Logic                                        ; On                 ; On                 ;
; Parallel Synthesis                                               ; On                 ; On                 ;
; NOT Gate Push-Back                                               ; On                 ; On                 ;
; Power-Up Don't Care                                              ; On                 ; On                 ;
; Remove Redundant Logic Cells                                     ; Off                ; Off                ;
; Remove Duplicate Registers                                       ; On                 ; On                 ;
; Ignore CARRY Buffers                                             ; Off                ; Off                ;
; Ignore CASCADE Buffers                                           ; Off                ; Off                ;
; Ignore GLOBAL Buffers                                            ; Off                ; Off                ;
; Ignore ROW GLOBAL Buffers                                        ; Off                ; Off                ;
; Ignore LCELL Buffers                                             ; Off                ; Off                ;
; Ignore SOFT Buffers                                              ; On                 ; On                 ;
; Limit AHDL Integers to 32 Bits                                   ; Off                ; Off                ;
; Optimization Technique                                           ; Balanced           ; Balanced           ;
; Carry Chain Length                                               ; 70                 ; 70                 ;
; Auto Carry Chains                                                ; On                 ; On                 ;
; Auto Open-Drain Pins                                             ; On                 ; On                 ;
; Perform WYSIWYG Primitive Resynthesis                            ; Off                ; Off                ;
; Auto Shift Register Replacement                                  ; Auto               ; Auto               ;
; Allow Shift Register Merging across Hierarchies                  ; Auto               ; Auto               ;
; Auto Clock Enable Replacement                                    ; On                 ; On                 ;
; Allow Synchronous Control Signals                                ; On                 ; On                 ;
; Force Use of Synchronous Clear Signals                           ; Off                ; Off                ;
; Auto Resource Sharing                                            ; Off                ; Off                ;
; Use LogicLock Constraints during Resource Balancing              ; On                 ; On                 ;
; Ignore translate_off and synthesis_off directives                ; Off                ; Off                ;
; Report Parameter Settings                                        ; On                 ; On                 ;
; Report Source Assignments                                        ; On                 ; On                 ;
; Report Connectivity Checks                                       ; On                 ; On                 ;
; Ignore Maximum Fan-Out Assignments                               ; Off                ; Off                ;
; Synchronization Register Chain Length                            ; 2                  ; 2                  ;
; Power Optimization During Synthesis                              ; Normal compilation ; Normal compilation ;
; HDL message level                                                ; Level2             ; Level2             ;
; Suppress Register Optimization Related Messages                  ; Off                ; Off                ;
; Number of Removed Registers Reported in Synthesis Report         ; 5000               ; 5000               ;
; Number of Swept Nodes Reported in Synthesis Report               ; 5000               ; 5000               ;
; Number of Inverted Registers Reported in Synthesis Report        ; 100                ; 100                ;
; Clock MUX Protection                                             ; On                 ; On                 ;
; Block Design Naming                                              ; Auto               ; Auto               ;
; Synthesis Effort                                                 ; Auto               ; Auto               ;
; Shift Register Replacement - Allow Asynchronous Clear Signal     ; On                 ; On                 ;
; Analysis & Synthesis Message Level                               ; Medium             ; Medium             ;
; Disable Register Merging Across Hierarchies                      ; Auto               ; Auto               ;
+------------------------------------------------------------------+--------------------+--------------------+


+----------------------------------------------------------------------------------------------------------------------+
; Port Connectivity Checks: "atm:add_instance|NoteCounter:nc1|div:div2"                                                ;
+------------+--------+----------+-------------------------------------------------------------------------------------+
; Port       ; Type   ; Severity ; Details                                                                             ;
+------------+--------+----------+-------------------------------------------------------------------------------------+
; rq[15..14] ; Output ; Info     ; Connected to dangling logic. Logic that only feeds a dangling port will be removed. ;
; rq[7..1]   ; Output ; Info     ; Connected to dangling logic. Logic that only feeds a dangling port will be removed. ;
+------------+--------+----------+-------------------------------------------------------------------------------------+


+--------------------------------------------------------------------------------------------------------------------+
; Port Connectivity Checks: "atm:add_instance|NoteCounter:nc1|div:div1"                                              ;
+----------+--------+----------+-------------------------------------------------------------------------------------+
; Port     ; Type   ; Severity ; Details                                                                             ;
+----------+--------+----------+-------------------------------------------------------------------------------------+
; rq[7..2] ; Output ; Info     ; Connected to dangling logic. Logic that only feeds a dangling port will be removed. ;
+----------+--------+----------+-------------------------------------------------------------------------------------+


+----------------------------------------------+
; Port Connectivity Checks: "atm:add_instance" ;
+----------+-------+----------+----------------+
; Port     ; Type  ; Severity ; Details        ;
+----------+-------+----------+----------------+
; a1[1..2] ; Input ; Info     ; Stuck at VCC   ;
; a1[3..4] ; Input ; Info     ; Stuck at GND   ;
; a1[6..7] ; Input ; Info     ; Stuck at GND   ;
; a1[0]    ; Input ; Info     ; Stuck at GND   ;
; a1[5]    ; Input ; Info     ; Stuck at VCC   ;
; a2[2..3] ; Input ; Info     ; Stuck at VCC   ;
; a2[0..1] ; Input ; Info     ; Stuck at GND   ;
; a2[4..5] ; Input ; Info     ; Stuck at GND   ;
; a2[6]    ; Input ; Info     ; Stuck at VCC   ;
; a2[7]    ; Input ; Info     ; Stuck at GND   ;
+----------+-------+----------+----------------+


+---------------------------------+
; Analysis & Elaboration Messages ;
+---------------------------------+
Info: *******************************************************************
Info: Running Quartus Prime Analysis & Elaboration
    Info: Version 20.1.0 Build 711 06/05/2020 SJ Lite Edition
    Info: Processing started: Sun Sep 19 12:45:32 2021
Info: Command: quartus_map --read_settings_files=on --write_settings_files=off Midsem -c DUT --analysis_and_elaboration
Warning (18236): Number of processors has not been specified which may cause overloading on shared machines.  Set the global assignment NUM_PARALLEL_PROCESSORS in your QSF to an appropriate value for best performance.
Info (20030): Parallel compilation is enabled and will use 6 of the 6 processors detected
Info (12021): Found 2 design units, including 1 entities, in source file testbench.vhdl
    Info (12022): Found design unit 1: Testbench-Behave File: E:/Academics/IIT Bombay/Repositories/VHDL/Midsem/Testbench.vhdl Line: 9
    Info (12023): Found entity 1: Testbench File: E:/Academics/IIT Bombay/Repositories/VHDL/Midsem/Testbench.vhdl Line: 7
Info (12021): Found 17 design units, including 8 entities, in source file gates.vhdl
    Info (12022): Found design unit 1: Gates File: E:/Academics/IIT Bombay/Repositories/VHDL/Midsem/Gates.vhdl Line: 3
    Info (12022): Found design unit 2: INVERTER-Equations File: E:/Academics/IIT Bombay/Repositories/VHDL/Midsem/Gates.vhdl Line: 45
    Info (12022): Found design unit 3: AND_2-Equations File: E:/Academics/IIT Bombay/Repositories/VHDL/Midsem/Gates.vhdl Line: 57
    Info (12022): Found design unit 4: NAND_2-Equations File: E:/Academics/IIT Bombay/Repositories/VHDL/Midsem/Gates.vhdl Line: 68
    Info (12022): Found design unit 5: OR_2-Equations File: E:/Academics/IIT Bombay/Repositories/VHDL/Midsem/Gates.vhdl Line: 79
    Info (12022): Found design unit 6: NOR_2-Equations File: E:/Academics/IIT Bombay/Repositories/VHDL/Midsem/Gates.vhdl Line: 90
    Info (12022): Found design unit 7: XOR_2-Equations File: E:/Academics/IIT Bombay/Repositories/VHDL/Midsem/Gates.vhdl Line: 102
    Info (12022): Found design unit 8: XNOR_2-Equations File: E:/Academics/IIT Bombay/Repositories/VHDL/Midsem/Gates.vhdl Line: 113
    Info (12022): Found design unit 9: HALF_ADDER-Equations File: E:/Academics/IIT Bombay/Repositories/VHDL/Midsem/Gates.vhdl Line: 124
    Info (12023): Found entity 1: INVERTER File: E:/Academics/IIT Bombay/Repositories/VHDL/Midsem/Gates.vhdl Line: 41
    Info (12023): Found entity 2: AND_2 File: E:/Academics/IIT Bombay/Repositories/VHDL/Midsem/Gates.vhdl Line: 53
    Info (12023): Found entity 3: NAND_2 File: E:/Academics/IIT Bombay/Repositories/VHDL/Midsem/Gates.vhdl Line: 64
    Info (12023): Found entity 4: OR_2 File: E:/Academics/IIT Bombay/Repositories/VHDL/Midsem/Gates.vhdl Line: 75
    Info (12023): Found entity 5: NOR_2 File: E:/Academics/IIT Bombay/Repositories/VHDL/Midsem/Gates.vhdl Line: 86
    Info (12023): Found entity 6: XOR_2 File: E:/Academics/IIT Bombay/Repositories/VHDL/Midsem/Gates.vhdl Line: 98
    Info (12023): Found entity 7: XNOR_2 File: E:/Academics/IIT Bombay/Repositories/VHDL/Midsem/Gates.vhdl Line: 109
    Info (12023): Found entity 8: HALF_ADDER File: E:/Academics/IIT Bombay/Repositories/VHDL/Midsem/Gates.vhdl Line: 120
Info (12021): Found 2 design units, including 1 entities, in source file dut.vhdl
    Info (12022): Found design unit 1: DUT-DutWrap File: E:/Academics/IIT Bombay/Repositories/VHDL/Midsem/DUT.vhdl Line: 12
    Info (12023): Found entity 1: DUT File: E:/Academics/IIT Bombay/Repositories/VHDL/Midsem/DUT.vhdl Line: 7
Info (12021): Found 2 design units, including 1 entities, in source file atm.vhdl
    Info (12022): Found design unit 1: atm-struct File: E:/Academics/IIT Bombay/Repositories/VHDL/Midsem/atm.vhdl Line: 24
    Info (12023): Found entity 1: atm File: E:/Academics/IIT Bombay/Repositories/VHDL/Midsem/atm.vhdl Line: 18
Info (12021): Found 2 design units, including 1 entities, in source file divider.vhdl
    Info (12022): Found design unit 1: div-beh File: E:/Academics/IIT Bombay/Repositories/VHDL/Midsem/divider.vhdl Line: 27
    Info (12023): Found entity 1: div File: E:/Academics/IIT Bombay/Repositories/VHDL/Midsem/divider.vhdl Line: 15
Info (12021): Found 2 design units, including 1 entities, in source file notecounter.vhdl
    Info (12022): Found design unit 1: NoteCounter-Struct File: E:/Academics/IIT Bombay/Repositories/VHDL/Midsem/notecounter.vhdl Line: 13
    Info (12023): Found entity 1: NoteCounter File: E:/Academics/IIT Bombay/Repositories/VHDL/Midsem/notecounter.vhdl Line: 8
Info (12021): Found 2 design units, including 1 entities, in source file priorityfinder.vhdl
    Info (12022): Found design unit 1: PriorityFinder-Struct File: E:/Academics/IIT Bombay/Repositories/VHDL/Midsem/priorityfinder.vhdl Line: 12
    Info (12023): Found entity 1: PriorityFinder File: E:/Academics/IIT Bombay/Repositories/VHDL/Midsem/priorityfinder.vhdl Line: 8
Info (12127): Elaborating entity "DUT" for the top level hierarchy
Info (12128): Elaborating entity "atm" for hierarchy "atm:add_instance" File: E:/Academics/IIT Bombay/Repositories/VHDL/Midsem/DUT.vhdl Line: 23
Info (12128): Elaborating entity "NoteCounter" for hierarchy "atm:add_instance|NoteCounter:nc1" File: E:/Academics/IIT Bombay/Repositories/VHDL/Midsem/atm.vhdl Line: 39
Warning (10036): Verilog HDL or VHDL warning at notecounter.vhdl(15): object "m1" assigned a value but never read File: E:/Academics/IIT Bombay/Repositories/VHDL/Midsem/notecounter.vhdl Line: 15
Warning (10036): Verilog HDL or VHDL warning at notecounter.vhdl(16): object "m2" assigned a value but never read File: E:/Academics/IIT Bombay/Repositories/VHDL/Midsem/notecounter.vhdl Line: 16
Warning (10036): Verilog HDL or VHDL warning at notecounter.vhdl(17): object "m3" assigned a value but never read File: E:/Academics/IIT Bombay/Repositories/VHDL/Midsem/notecounter.vhdl Line: 17
Info (12128): Elaborating entity "div" for hierarchy "atm:add_instance|NoteCounter:nc1|div:div1" File: E:/Academics/IIT Bombay/Repositories/VHDL/Midsem/notecounter.vhdl Line: 32
Warning (10542): VHDL Variable Declaration warning at divider.vhdl(56): used initial value expression for variable "k" because variable was never assigned a value File: E:/Academics/IIT Bombay/Repositories/VHDL/Midsem/divider.vhdl Line: 56
Warning (10542): VHDL Variable Declaration warning at divider.vhdl(36): used initial value expression for variable "W" because variable was never assigned a value File: E:/Academics/IIT Bombay/Repositories/VHDL/Midsem/divider.vhdl Line: 36
Info (12128): Elaborating entity "PriorityFinder" for hierarchy "atm:add_instance|PriorityFinder:pf1" File: E:/Academics/IIT Bombay/Repositories/VHDL/Midsem/atm.vhdl Line: 40
Info (12128): Elaborating entity "XOR_2" for hierarchy "atm:add_instance|PriorityFinder:pf1|XOR_2:xor1" File: E:/Academics/IIT Bombay/Repositories/VHDL/Midsem/priorityfinder.vhdl Line: 17
Info (12128): Elaborating entity "NOR_2" for hierarchy "atm:add_instance|PriorityFinder:pf1|NOR_2:nor1" File: E:/Academics/IIT Bombay/Repositories/VHDL/Midsem/priorityfinder.vhdl Line: 18
Info (12128): Elaborating entity "AND_2" for hierarchy "atm:add_instance|PriorityFinder:pf1|AND_2:and1" File: E:/Academics/IIT Bombay/Repositories/VHDL/Midsem/priorityfinder.vhdl Line: 19
Info (12128): Elaborating entity "OR_2" for hierarchy "atm:add_instance|PriorityFinder:pf1|OR_2:or1" File: E:/Academics/IIT Bombay/Repositories/VHDL/Midsem/priorityfinder.vhdl Line: 20
Info (12128): Elaborating entity "INVERTER" for hierarchy "atm:add_instance|PriorityFinder:pf1|INVERTER:inv1" File: E:/Academics/IIT Bombay/Repositories/VHDL/Midsem/priorityfinder.vhdl Line: 21
Info: Quartus Prime Analysis & Elaboration was successful. 0 errors, 6 warnings
    Info: Peak virtual memory: 4760 megabytes
    Info: Processing ended: Sun Sep 19 12:45:40 2021
    Info: Elapsed time: 00:00:08
    Info: Total CPU time (on all processors): 00:00:19


